<?xml version="1.0" encoding="UTF-8"?>
<!-- Generated by org.testng.reporters.JUnitReportReporter -->
<testsuite skipped="0" hostname="II39-F9VCNN2" name="com.prokarma.qa.tests.GetNormalisationRecordsFromSpendAndConsumptionYOY" tests="1" failures="0" timestamp="2020-10-17T12:42:13 IST" time="467.475" errors="0">
  <testcase name="test_GetNormalisationRecordsFromSpendAndConsumptionYOY" time="467.475" classname="com.prokarma.qa.tests.GetNormalisationRecordsFromSpendAndConsumptionYOY"/>
  <system-out/>
</testsuite> <!-- com.prokarma.qa.tests.GetNormalisationRecordsFromSpendAndConsumptionYOY -->
