<?xml version="1.0" encoding="UTF-8"?>
<!-- Generated by org.testng.reporters.JUnitReportReporter -->
<testsuite hostname="DESKTOP-2EOAABF" failures="0" tests="1" name="com.prokarma.qa.tests.Validate_YOY_Report_with_Spend_and_Consumption_report" time="394.413" errors="0" timestamp="2020-09-23T18:02:25 IST" skipped="0">
  <testcase classname="com.prokarma.qa.tests.Validate_YOY_Report_with_Spend_and_Consumption_report" name="test_download_spendconsumption_report" time="394.413"/>
  <system-out/>
</testsuite> <!-- com.prokarma.qa.tests.Validate_YOY_Report_with_Spend_and_Consumption_report -->
