<?xml version="1.0" encoding="UTF-8"?>
<!-- Generated by org.testng.reporters.JUnitReportReporter -->
<testsuite hostname="DESKTOP-2EOAABF" failures="0" tests="1" name="com.prokarma.qa.tests.Validate_YOY_Records_with_Spend_and_Consumption_report" time="554.279" errors="0" timestamp="2020-09-23T17:39:31 IST" skipped="0">
  <testcase classname="com.prokarma.qa.tests.Validate_YOY_Records_with_Spend_and_Consumption_report" name="test_download_spendconsumption_report" time="554.279"/>
  <system-out/>
</testsuite> <!-- com.prokarma.qa.tests.Validate_YOY_Records_with_Spend_and_Consumption_report -->
